<?xml version="1.0" encoding="UTF-8"?>
<!-- Generated by org.testng.reporters.JUnitXMLReporter -->
<testsuite ignored="0" hostname="LAPTOP-9A0N1J92" failures="0" tests="2" name="Error Validations Test" time="35.712" errors="0" timestamp="2025-03-29T04:34:24 EDT">
  <testcase classname="rahulshettyacademy.tests.ErrorValidationsTest" name="LoginErrorValidation" time="2.234"/>
  <testcase classname="rahulshettyacademy.tests.ErrorValidationsTest" name="ProductErrorValidation" time="16.797"/>
</testsuite> <!-- Error Validations Test -->
