<?xml version="1.0" encoding="UTF-8"?>
<testng-results ignored="0" total="5" passed="5" failed="0" skipped="0">
  <reporter-output>
  </reporter-output>
  <suite started-at="2025-03-29T04:33:48 EDT" name="Suite" finished-at="2025-03-29T04:34:24 EDT" duration-ms="36530">
    <groups>
      <group name="ErrorHandling">
        <method signature="ErrorValidationsTest.LoginErrorValidation()[pri:0, instance:rahulshettyacademy.tests.ErrorValidationsTest@49b2a47d]" name="LoginErrorValidation" class="rahulshettyacademy.tests.ErrorValidationsTest"/>
      </group> <!-- ErrorHandling -->
      <group name="Purchase">
        <method signature="SubmitOrderTest.submitOrder(java.util.HashMap)[pri:0, instance:rahulshettyacademy.tests.SubmitOrderTest@3ad83a66]" name="submitOrder" class="rahulshettyacademy.tests.SubmitOrderTest"/>
      </group> <!-- Purchase -->
    </groups>
    <test started-at="2025-03-29T04:33:48 EDT" name="Error Validations Test" finished-at="2025-03-29T04:34:24 EDT" duration-ms="35712">
      <class name="rahulshettyacademy.tests.ErrorValidationsTest">
        <test-method is-config="true" signature="launchApplication()[pri:0, instance:rahulshettyacademy.tests.ErrorValidationsTest@49b2a47d]" started-at="2025-03-29T04:33:48 EDT" name="launchApplication" finished-at="2025-03-29T04:33:59 EDT" duration-ms="10862" status="PASS">
          <reporter-output>
          </reporter-output>
        </test-method> <!-- launchApplication -->
        <test-method signature="LoginErrorValidation()[pri:0, instance:rahulshettyacademy.tests.ErrorValidationsTest@49b2a47d]" started-at="2025-03-29T04:33:59 EDT" name="LoginErrorValidation" finished-at="2025-03-29T04:34:01 EDT" duration-ms="2234" status="PASS">
          <reporter-output>
          </reporter-output>
        </test-method> <!-- LoginErrorValidation -->
        <test-method is-config="true" signature="tearDown()[pri:0, instance:rahulshettyacademy.tests.ErrorValidationsTest@49b2a47d]" started-at="2025-03-29T04:34:01 EDT" name="tearDown" finished-at="2025-03-29T04:34:01 EDT" duration-ms="306" status="PASS">
          <reporter-output>
          </reporter-output>
        </test-method> <!-- tearDown -->
        <test-method is-config="true" signature="launchApplication()[pri:0, instance:rahulshettyacademy.tests.ErrorValidationsTest@49b2a47d]" started-at="2025-03-29T04:34:01 EDT" name="launchApplication" finished-at="2025-03-29T04:34:06 EDT" duration-ms="5047" status="PASS">
          <reporter-output>
          </reporter-output>
        </test-method> <!-- launchApplication -->
        <test-method signature="ProductErrorValidation()[pri:0, instance:rahulshettyacademy.tests.ErrorValidationsTest@49b2a47d]" started-at="2025-03-29T04:34:06 EDT" name="ProductErrorValidation" finished-at="2025-03-29T04:34:23 EDT" duration-ms="16797" status="PASS">
          <reporter-output>
          </reporter-output>
        </test-method> <!-- ProductErrorValidation -->
        <test-method is-config="true" signature="tearDown()[pri:0, instance:rahulshettyacademy.tests.ErrorValidationsTest@49b2a47d]" started-at="2025-03-29T04:34:23 EDT" name="tearDown" finished-at="2025-03-29T04:34:24 EDT" duration-ms="309" status="PASS">
          <reporter-output>
          </reporter-output>
        </test-method> <!-- tearDown -->
      </class> <!-- rahulshettyacademy.tests.ErrorValidationsTest -->
    </test> <!-- Error Validations Test -->
    <test started-at="2025-03-29T04:33:48 EDT" name="Submit Order Test" finished-at="2025-03-29T04:34:24 EDT" duration-ms="36530">
      <class name="rahulshettyacademy.tests.SubmitOrderTest">
        <test-method is-config="true" signature="launchApplication()[pri:0, instance:rahulshettyacademy.tests.SubmitOrderTest@3ad83a66]" started-at="2025-03-29T04:33:49 EDT" name="launchApplication" finished-at="2025-03-29T04:33:58 EDT" duration-ms="9409" status="PASS">
          <reporter-output>
          </reporter-output>
        </test-method> <!-- launchApplication -->
        <test-method signature="submitOrder(java.util.HashMap)[pri:0, instance:rahulshettyacademy.tests.SubmitOrderTest@3ad83a66]" started-at="2025-03-29T04:33:58 EDT" name="submitOrder" data-provider="getData" finished-at="2025-03-29T04:34:07 EDT" duration-ms="8998" status="PASS">
          <params>
            <param index="0">
              <value>
                <![CDATA[{password=manulife@VK25, email=vinaykumarvk@gmail.com, productName=ZARA COAT 3}]]>
              </value>
            </param>
          </params>
          <reporter-output>
          </reporter-output>
        </test-method> <!-- submitOrder -->
        <test-method is-config="true" signature="tearDown()[pri:0, instance:rahulshettyacademy.tests.SubmitOrderTest@3ad83a66]" started-at="2025-03-29T04:34:07 EDT" name="tearDown" finished-at="2025-03-29T04:34:07 EDT" duration-ms="350" status="PASS">
          <reporter-output>
          </reporter-output>
        </test-method> <!-- tearDown -->
        <test-method is-config="true" signature="launchApplication()[pri:0, instance:rahulshettyacademy.tests.SubmitOrderTest@3ad83a66]" started-at="2025-03-29T04:34:07 EDT" name="launchApplication" finished-at="2025-03-29T04:34:13 EDT" duration-ms="5199" status="PASS">
          <reporter-output>
          </reporter-output>
        </test-method> <!-- launchApplication -->
        <test-method signature="submitOrder(java.util.HashMap)[pri:0, instance:rahulshettyacademy.tests.SubmitOrderTest@3ad83a66]" started-at="2025-03-29T04:34:13 EDT" name="submitOrder" data-provider="getData" finished-at="2025-03-29T04:34:18 EDT" duration-ms="5298" status="PASS">
          <params>
            <param index="0">
              <value>
                <![CDATA[{password=manulife@VK255, email=vinaykumarvk1@gmail.com, productName=ADIDAS ORIGINAL}]]>
              </value>
            </param>
          </params>
          <reporter-output>
          </reporter-output>
        </test-method> <!-- submitOrder -->
        <test-method is-config="true" signature="tearDown()[pri:0, instance:rahulshettyacademy.tests.SubmitOrderTest@3ad83a66]" started-at="2025-03-29T04:34:18 EDT" name="tearDown" finished-at="2025-03-29T04:34:18 EDT" duration-ms="177" status="PASS">
          <reporter-output>
          </reporter-output>
        </test-method> <!-- tearDown -->
        <test-method is-config="true" signature="launchApplication()[pri:0, instance:rahulshettyacademy.tests.SubmitOrderTest@3ad83a66]" started-at="2025-03-29T04:34:18 EDT" name="launchApplication" finished-at="2025-03-29T04:34:22 EDT" duration-ms="4457" status="PASS">
          <reporter-output>
          </reporter-output>
        </test-method> <!-- launchApplication -->
        <test-method signature="OrderHistoryTest()[pri:0, instance:rahulshettyacademy.tests.SubmitOrderTest@3ad83a66]" started-at="2025-03-29T04:34:22 EDT" name="OrderHistoryTest" finished-at="2025-03-29T04:34:24 EDT" depends-on-methods="rahulshettyacademy.tests.SubmitOrderTest.submitOrder" duration-ms="1368" status="PASS">
          <reporter-output>
          </reporter-output>
        </test-method> <!-- OrderHistoryTest -->
        <test-method is-config="true" signature="tearDown()[pri:0, instance:rahulshettyacademy.tests.SubmitOrderTest@3ad83a66]" started-at="2025-03-29T04:34:24 EDT" name="tearDown" finished-at="2025-03-29T04:34:24 EDT" duration-ms="490" status="PASS">
          <reporter-output>
          </reporter-output>
        </test-method> <!-- tearDown -->
      </class> <!-- rahulshettyacademy.tests.SubmitOrderTest -->
    </test> <!-- Submit Order Test -->
  </suite> <!-- Suite -->
</testng-results>
